This is LuaTeX, Version 1.09.0 (MiKTeX 2.9.6880 64-bit)  (format=lualatex 2019.4.14)  17 APR 2019 11:03
 restricted system commands enabled.
**kursach.tex
(./kursach.tex
LaTeX2e <2018-04-01> patch level 5
Lua module: luaotfload-main 2018-10-28 2.93 luaotfload entry point
Lua module: luaotfload-init 2018-10-28 2.93 luaotfload submodule / initializatio
n
Lua module: lualibs 2018-10-18 2.61 ConTeXt Lua standard libraries.
Lua module: lualibs-extended 2018-10-18 2.61 ConTeXt Lua libraries -- extended c
ollection.
Lua module: luaotfload-log 2018-10-28 2.93 luaotfload submodule / logging
Lua module: luaotfload-parsers 2018-10-28 2.93 luaotfload submodule / filelist
Lua module: luaotfload-configuration 2018-10-28 2.93 luaotfload submodule / conf
ig file reader
luaotfload | conf : Root cache directory is C:/Users/User/AppData/Local/MiKTeX/2
.9/luatex-cache/generic/names.
luaotfload | init : Loading fontloader “fontloader-2018-10-28.lua” from kpse
-resolved path “C:/Users/User/AppData/Local/Programs/MiKTeX 2.9/tex/luatex/lua
otfload/fontloader-2018-10-28.lua”.
Lua-only attribute luaotfload@state = 1
Lua-only attribute luaotfload@noligature = 2
Lua-only attribute luaotfload@syllabe = 3
luaotfload | init : Context OpenType loader version “3.106”
Inserting `luaotfload.node_processor' at position 1 in `pre_linebreak_filter'.
Inserting `luaotfload.node_processor' at position 1 in `hpack_filter'.
Lua module: luaotfload-loaders 2018-10-28 2.93 luaotfload submodule / callback h
andling
Inserting `luaotfload.define_font' at position 1 in `define_font'.
Lua module: luaotfload-database 2018-10-28 2.93 luaotfload submodule / database
Lua module: luaotfload-colors 2018-10-28 2.93 luaotfload submodule / color
Lua-only attribute luaotfload_color_attribute = 4
Lua module: luaotfload-resolvers 2018-10-28 2.93 luaotfload submodule / resolver
s
luaotfload | conf : Root cache directory is C:/Users/User/AppData/Local/MiKTeX/2
.9/luatex-cache/generic/names.
Lua module: luaotfload-features 2018-10-28 2.93 luaotfload submodule / features
Lua module: luaotfload-letterspace 2018-10-28 2.93 luaotfload submodule / color
Lua module: luaotfload-auxiliary 2018-10-28 2.93 luaotfload submodule / auxiliar
y functions
Inserting `luaotfload.aux.set_sscale_dimens' at position 1 in `luaotfload.patch_
font'.
Inserting `luaotfload.aux.patch_cambria_domh' at position 2 in `luaotfload.patch
_font'.
Inserting `luaotfload.aux.fixup_fontdata' at position 1 in `luaotfload.patch_fon
t_unsafe'.
Inserting `luaotfload.aux.set_capheight' at position 3 in `luaotfload.patch_font
'.
Inserting `luaotfload.rewrite_fontname' at position 4 in `luaotfload.patch_font'
.
luaotfload | main : initialization completed in 0.830 seconds

("C:/Users/User/AppData/Local/Programs/MiKTeX 2.9/tex/latex/extsizes/extarticle
.cls"
Document Class: extarticle 1996/10/08 v1.0 Non Standard LaTeX document class
("C:/Users/User/AppData/Local/Programs/MiKTeX 2.9/tex/latex/base/fleqn.clo"
File: fleqn.clo 2016/12/29 v1.2a Standard LaTeX option (flush left equations)
\mathindent=\dimen102
Applying: [2015/01/01] Make \[ robust on input line 50.
LaTeX Info: Redefining \[ on input line 51.
Already applied: [0000/00/00] Make \[ robust on input line 62.
Applying: [2015/01/01] Make \] robust on input line 74.
LaTeX Info: Redefining \] on input line 75.
Already applied: [0000/00/00] Make \] robust on input line 83.
)
("C:/Users/User/AppData/Local/Programs/MiKTeX 2.9/tex/latex/base/size12.clo"
File: size12.clo 2014/09/29 v1.4h Standard LaTeX file (size option)
luaotfload | db : Font names database loaded from C:/Users/User/AppData/Local/Mi
KTeX/2.9/luatex-cache/generic/names/luaotfload-names.luc)
("C:/Users/User/AppData/Local/Programs/MiKTeX 2.9/tex/latex/base/exscale.sty"
Package: exscale 2014/09/29 v2.1h Standard LaTeX package exscale
LaTeX Font Info:    Redeclaring symbol font `largesymbols' on input line 57.
LaTeX Font Info:    Overwriting symbol font `largesymbols' in version `normal'
(Font)                  OMX/cmex/m/n --> OMX/cmex/m/n on input line 57.
LaTeX Font Info:    Overwriting symbol font `largesymbols' in version `bold'
(Font)                  OMX/cmex/m/n --> OMX/cmex/m/n on input line 57.
\big@size=\dimen103
)
\c@part=\count80
\c@section=\count81
\c@subsection=\count82
\c@subsubsection=\count83
\c@paragraph=\count84
\c@subparagraph=\count85
\c@figure=\count86
\c@table=\count87
\abovecaptionskip=\skip41
\belowcaptionskip=\skip42
\bibindent=\dimen104
) ("C:/Users/User/AppData/Local/Programs/MiKTeX 2.9/tex/latex/base/inputenc.sty
"
Package: inputenc 2018/04/06 v1.3b Input encoding file
\inpenc@prehook=\toks14
\inpenc@posthook=\toks15

Package inputenc Warning: inputenc package ignored with utf8 based engines.

) ("C:/Users/User/AppData/Local/Programs/MiKTeX 2.9/tex/latex/base/fontenc.sty"
Package: fontenc 2017/04/05 v2.0i Standard LaTeX package
("C:/Users/User/AppData/Local/Programs/MiKTeX 2.9/tex/latex/cyrillic/t2aenc.def
"
File: t2aenc.def 2005/09/27 v1.0i Cyrillic encoding definition file
)
LaTeX Font Info:    Try loading font information for T2A+lmr on input line 105.
LaTeX Font Info:    No file T2Almr.fd. on input line 105.
LaTeX Font Info:    Try loading font information for T2A+cmr on input line 105.

("C:/Users/User/AppData/Local/Programs/MiKTeX 2.9/tex/latex/cyrillic/t2acmr.fd"
File: t2acmr.fd 2001/08/11 v1.0a Computer Modern Cyrillic font definitions
)

LaTeX Font Warning: Font shape `T2A/lmr/m/n' undefined
(Font)              using `T2A/cmr/m/n' instead on input line 105.

) ("C:/Users/User/AppData/Local/Programs/MiKTeX 2.9/tex/generic/babel/babel.sty
"
Package: babel 2018/11/13 3.27 The Babel package
 ("C:/Users/User/AppData/Local/Programs/MiKTeX 2.9/tex/generic/babel/switch.def
"
File: switch.def 2018/11/13 3.27 Babel switching mechanism
)
("C:/Users/User/AppData/Local/Programs/MiKTeX 2.9/tex/generic/babel/luababel.de
f"
\l@afrikaans=\language2
Package babel Info: Non-standard hyphenation setup on input line 114.
\l@ancientgreek=\language3
\l@arabic=\language4
\l@armenian=\language5
\l@assamese=\language6
\l@basque=\language7
\l@bengali=\language8
\l@bokmal=\language9
\l@bulgarian=\language10
\l@catalan=\language11
\l@classiclatin=\language12
\l@coptic=\language13
\l@croatian=\language14
\l@czech=\language15
\l@danish=\language16
\l@dutch=\language17
\l@esperanto=\language18
\l@estonian=\language19
\l@farsi=\language20
\l@finnish=\language21
\l@french=\language22
\l@galician=\language23
\l@georgian=\language24
\l@german=\language25
\l@german-x-2018-03-31=\language26
\l@greek=\language27
\l@gujarati=\language28
\l@hindi=\language29
\l@hungarian=\language30
\l@icelandic=\language31
\l@indonesian=\language32
\l@interlingua=\language33
\l@irish=\language34
\l@italian=\language35
\l@kannada=\language36
\l@kurmanji=\language37
\l@latin=\language38
\l@latvian=\language39
\l@lithuanian=\language40
\l@malayalam=\language41
\l@marathi=\language42
\l@mongolian=\language43
\l@mongolianlmc=\language44
\l@monogreek=\language45
\l@ngerman=\language46
\l@ngerman-x-2018-03-31=\language47
\l@nynorsk=\language48
\l@oriya=\language49
\l@panjabi=\language50
\l@piedmontese=\language51
\l@pinyin=\language52
\l@polish=\language53
\l@portuguese=\language54
\l@romanian=\language55
\l@romansh=\language56
\l@russian=\language57
\l@sanskrit=\language58
\l@serbian=\language59
\l@serbianc=\language60
\l@slovak=\language61
\l@slovenian=\language62
\l@spanish=\language63
\l@swedish=\language64
\l@swissgerman=\language65
\l@tamil=\language66
\l@telugu=\language67
\l@thai=\language68
\l@turkish=\language69
\l@turkmen=\language70
\l@ukenglish=\language71
\l@ukrainian=\language72
\l@uppersorbian=\language73
\l@usenglishmax=\language74
\l@welsh=\language75
)
*************************************
* Local config file bblopts.cfg used
*
("C:/Users/User/AppData/Local/Programs/MiKTeX 2.9/tex/latex/arabi/bblopts.cfg"
File: bblopts.cfg 2005/09/08 v0.1 add Arabic and Farsi to "declared" options of 
babel
)
("C:/Users/User/AppData/Local/Programs/MiKTeX 2.9/tex/latex/babel-russian/russi
anb.ldf"
Language: russian 2017/08/12 1.3j Russian support for the Babel system

("C:/Users/User/AppData/Local/Programs/MiKTeX 2.9/tex/generic/babel/babel.def"
File: babel.def 2018/11/13 3.27 Babel common definitions
\babel@savecnt=\count88
\U@D=\dimen105

("C:/Users/User/AppData/Local/Programs/MiKTeX 2.9/tex/generic/babel/luababel.de
f"))
Package babel Info: Making " an active character on input line 120.
Package babel Info: Default for \cyrdash is provided on input line 157.

("C:/Users/User/AppData/Local/Programs/MiKTeX 2.9/tex/generic/hyph-utf8/loadhyp
h/loadhyph-ru.tex" UTF-8 Russian hyphenation patterns
("C:/Users/User/AppData/Local/Programs/MiKTeX 2.9/tex/generic/hyph-utf8/pattern
s/tex/hyph-ru.tex"))))
("C:/Users/User/AppData/Local/Programs/MiKTeX 2.9/tex/latex/geometry/geometry.s
ty"
Package: geometry 2018/04/16 v5.8 Page Geometry

("C:/Users/User/AppData/Local/Programs/MiKTeX 2.9/tex/latex/graphics/keyval.sty
"
Package: keyval 2014/10/28 v1.15 key=value parser (DPC)
\KV@toks@=\toks16
)
("C:/Users/User/AppData/Local/Programs/MiKTeX 2.9/tex/generic/oberdiek/ifpdf.st
y"
Package: ifpdf 2018/09/07 v3.3 Provides the ifpdf switch
)
("C:/Users/User/AppData/Local/Programs/MiKTeX 2.9/tex/generic/oberdiek/ifvtex.s
ty"
Package: ifvtex 2016/05/16 v1.6 Detect VTeX and its facilities (HO)
Package ifvtex Info: VTeX not detected.
)
("C:/Users/User/AppData/Local/Programs/MiKTeX 2.9/tex/generic/ifxetex/ifxetex.s
ty"
Package: ifxetex 2010/09/12 v0.6 Provides ifxetex conditional
)
\Gm@cnth=\count89
\Gm@cntv=\count90
\c@Gm@tempcnt=\count91
\Gm@bindingoffset=\dimen106
\Gm@wd@mp=\dimen107
\Gm@odd@mp=\dimen108
\Gm@even@mp=\dimen109
\Gm@layoutwidth=\dimen110
\Gm@layoutheight=\dimen111
\Gm@layouthoffset=\dimen112
\Gm@layoutvoffset=\dimen113
\Gm@dimlist=\toks17

("C:/Users/User/AppData/Local/Programs/MiKTeX 2.9/tex/latex/geometry/geometry.c
fg"))
("C:/Users/User/AppData/Local/Programs/MiKTeX 2.9/tex/latex/lastpage/lastpage.s
ty"
Package: lastpage 2015/03/29 v1.2m Refers to last page's name (HMM; JPG)
)
("C:/Users/User/AppData/Local/Programs/MiKTeX 2.9/tex/latex/hyphenat/hyphenat.s
ty"
Package: hyphenat 2009/09/02 v2.3c hyphenation utilities
\langwohyphens=\language76
LaTeX Info: Redefining \_ on input line 43.
)
("C:/Users/User/AppData/Local/Programs/MiKTeX 2.9/tex/latex/fancyhdr/fancyhdr.s
ty"
Package: fancyhdr 2017/06/30 v3.9a Extensive control of page headers and footers

\f@nch@headwidth=\skip43
\f@nch@O@elh=\skip44
\f@nch@O@erh=\skip45
\f@nch@O@olh=\skip46
\f@nch@O@orh=\skip47
\f@nch@O@elf=\skip48
\f@nch@O@erf=\skip49
\f@nch@O@olf=\skip50
\f@nch@O@orf=\skip51
)
("C:/Users/User/AppData/Local/Programs/MiKTeX 2.9/tex/latex/titlesec/titlesec.s
ty"
Package: titlesec 2016/03/21 v2.10.2 Sectioning titles
\ttl@box=\box26
\beforetitleunit=\skip52
\aftertitleunit=\skip53
\ttl@plus=\dimen114
\ttl@minus=\dimen115
\ttl@toksa=\toks18
\titlewidth=\dimen116
\titlewidthlast=\dimen117
\titlewidthfirst=\dimen118
)
("C:/Users/User/AppData/Local/Programs/MiKTeX 2.9/tex/latex/graphics/graphicx.s
ty"
Package: graphicx 2017/06/01 v1.1a Enhanced LaTeX Graphics (DPC,SPQR)

("C:/Users/User/AppData/Local/Programs/MiKTeX 2.9/tex/latex/graphics/graphics.s
ty"
Package: graphics 2017/06/25 v1.2c Standard LaTeX Graphics (DPC,SPQR)

("C:/Users/User/AppData/Local/Programs/MiKTeX 2.9/tex/latex/graphics/trig.sty"
Package: trig 2016/01/03 v1.10 sin cos tan (DPC)
)
("C:/Users/User/AppData/Local/Programs/MiKTeX 2.9/tex/latex/graphics-cfg/graphi
cs.cfg"
File: graphics.cfg 2016/06/04 v1.11 sample graphics configuration
)
Package graphics Info: Driver file: luatex.def on input line 99.

("C:/Users/User/AppData/Local/Programs/MiKTeX 2.9/tex/latex/graphics-def/luatex
.def"
File: luatex.def 2018/01/08 v1.0l Graphics/color driver for luatex
))
\Gin@req@height=\dimen119
\Gin@req@width=\dimen120
)
("C:/Users/User/AppData/Local/Programs/MiKTeX 2.9/tex/latex/mathtools/mathtools
.sty"
Package: mathtools 2018/01/08 v1.21 mathematical typesetting tools
 ("C:/Users/User/AppData/Local/Programs/MiKTeX 2.9/tex/latex/tools/calc.sty"
Package: calc 2017/05/25 v4.3 Infix arithmetic (KKT,FJ)
\calc@Acount=\count92
\calc@Bcount=\count93
\calc@Adimen=\dimen121
\calc@Bdimen=\dimen122
\calc@Askip=\skip54
\calc@Bskip=\skip55
LaTeX Info: Redefining \setlength on input line 80.
LaTeX Info: Redefining \addtolength on input line 81.
\calc@Ccount=\count94
\calc@Cskip=\skip56
)
("C:/Users/User/AppData/Local/Programs/MiKTeX 2.9/tex/latex/mathtools/mhsetup.s
ty"
Package: mhsetup 2017/03/31 v1.3 programming setup (MH)
)
("C:/Users/User/AppData/Local/Programs/MiKTeX 2.9/tex/latex/amsmath/amsmath.sty
"
Package: amsmath 2017/09/02 v2.17a AMS math features
\@mathmargin=\skip57

For additional information on amsmath, use the `?' option.
("C:/Users/User/AppData/Local/Programs/MiKTeX 2.9/tex/latex/amsmath/amstext.sty
"
Package: amstext 2000/06/29 v2.01 AMS text
 ("C:/Users/User/AppData/Local/Programs/MiKTeX 2.9/tex/latex/amsmath/amsgen.sty
"
File: amsgen.sty 1999/11/30 v2.0 generic functions
\@emptytoks=\toks19
\ex@=\dimen123
))
("C:/Users/User/AppData/Local/Programs/MiKTeX 2.9/tex/latex/amsmath/amsbsy.sty"
Package: amsbsy 1999/11/29 v1.2d Bold Symbols
\pmbraise@=\dimen124
) ("C:/Users/User/AppData/Local/Programs/MiKTeX 2.9/tex/latex/amsmath/amsopn.st
y"
Package: amsopn 2016/03/08 v2.02 operator names
)
\inf@bad=\count95
LaTeX Info: Redefining \frac on input line 213.
\uproot@=\count96
\leftroot@=\count97
LaTeX Info: Redefining \overline on input line 375.
\classnum@=\count98
\DOTSCASE@=\count99
LaTeX Info: Redefining \ldots on input line 472.
LaTeX Info: Redefining \dots on input line 475.
LaTeX Info: Redefining \cdots on input line 596.
\Mathstrutbox@=\box27
\strutbox@=\box28
\big@size=\dimen125
LaTeX Font Info:    Redeclaring font encoding OML on input line 712.
LaTeX Font Info:    Redeclaring font encoding OMS on input line 713.
\macc@depth=\count100
\c@MaxMatrixCols=\count101
\dotsspace@=\muskip10
\c@parentequation=\count102
\dspbrk@lvl=\count103
\tag@help=\toks20
\row@=\count104
\column@=\count105
\maxfields@=\count106
\andhelp@=\toks21
\eqnshift@=\dimen126
\alignsep@=\dimen127
\tagshift@=\dimen128
\tagwidth@=\dimen129
\totwidth@=\dimen130
\lineht@=\dimen131
\@envbody=\toks22
\multlinegap=\skip58
\multlinetaggap=\skip59
\mathdisplay@stack=\toks23
LaTeX Info: Redefining \[ on input line 2817.
LaTeX Info: Redefining \] on input line 2818.
)
LaTeX Info: Thecontrolsequence`\('isalreadyrobust on input line 129.
LaTeX Info: Thecontrolsequence`\)'isalreadyrobust on input line 129.
LaTeX Info: Thecontrolsequence`\['isalreadyrobust on input line 129.
LaTeX Info: Thecontrolsequence`\]'isalreadyrobust on input line 129.
\g_MT_multlinerow_int=\count107
\l_MT_multwidth_dim=\dimen132
\origjot=\skip60
\l_MT_shortvdotswithinadjustabove_dim=\dimen133
\l_MT_shortvdotswithinadjustbelow_dim=\dimen134
\l_MT_above_intertext_sep=\dimen135
\l_MT_below_intertext_sep=\dimen136
\l_MT_above_shortintertext_sep=\dimen137
\l_MT_below_shortintertext_sep=\dimen138
)
("C:/Users/User/AppData/Local/Programs/MiKTeX 2.9/tex/latex/amsfonts/amssymb.st
y"
Package: amssymb 2013/01/14 v3.01 AMS font symbols

("C:/Users/User/AppData/Local/Programs/MiKTeX 2.9/tex/latex/amsfonts/amsfonts.s
ty"
Package: amsfonts 2013/01/14 v3.01 Basic AMSFonts support
\symAMSa=\mathgroup4
\symAMSb=\mathgroup5
LaTeX Font Info:    Overwriting math alphabet `\mathfrak' in version `bold'
(Font)                  U/euf/m/n --> U/euf/b/n on input line 106.
))
("C:/Users/User/AppData/Local/Programs/MiKTeX 2.9/tex/latex/caption/caption.sty
"
Package: caption 2018/10/06 v3.3-154 Customizing captions (AR)

("C:/Users/User/AppData/Local/Programs/MiKTeX 2.9/tex/latex/caption/caption3.st
y"
Package: caption3 2018/09/12 v1.8c caption3 kernel (AR)
Package caption3 Info: TeX engine: e-TeX on input line 64.
\captionmargin=\dimen139
\captionmargin@=\dimen140
\captionwidth=\dimen141
\caption@tempdima=\dimen142
\caption@indent=\dimen143
\caption@parindent=\dimen144
\caption@hangindent=\dimen145
)
\c@caption@flags=\count108
\c@ContinuedFloat=\count109
)
("C:/Users/User/AppData/Local/Programs/MiKTeX 2.9/tex/latex/caption/subcaption.
sty"
Package: subcaption 2018/05/01 v1.1-162 Sub-captions (AR)
\c@subfigure=\count110
\c@subtable=\count111
)
("C:/Users/User/AppData/Local/Programs/MiKTeX 2.9/tex/latex/tools/indentfirst.s
ty"
Package: indentfirst 1995/11/23 v1.03 Indent first paragraph (DPC)
)
("C:/Users/User/AppData/Local/Programs/MiKTeX 2.9/tex/latex/listings/listings.s
ty"
\lst@mode=\count112
\lst@gtempboxa=\box29
\lst@token=\toks24
\lst@length=\count113
\lst@currlwidth=\dimen146
\lst@column=\count114
\lst@pos=\count115
\lst@lostspace=\dimen147
\lst@width=\dimen148
\lst@newlines=\count116
\lst@lineno=\count117
\lst@maxwidth=\dimen149

("C:/Users/User/AppData/Local/Programs/MiKTeX 2.9/tex/latex/listings/lstmisc.st
y"
File: lstmisc.sty 2018/09/02 1.7 (Carsten Heinz)
\c@lstnumber=\count118
\lst@skipnumbers=\count119
\lst@framebox=\box30
)
("C:/Users/User/AppData/Local/Programs/MiKTeX 2.9/tex/latex/listings/listings.c
fg"
File: listings.cfg 2018/09/02 1.7 listings configuration
))
Package: listings 2018/09/02 1.7 (Carsten Heinz)

("C:/Users/User/AppData/Local/Programs/MiKTeX 2.9/tex/latex/tools/tabularx.sty"
Package: tabularx 2016/02/03 v2.11b `tabularx' package (DPC)
("C:/Users/User/AppData/Local/Programs/MiKTeX 2.9/tex/latex/tools/array.sty"
Package: array 2018/04/30 v2.4h Tabular extension package (FMi)
\col@sep=\dimen150
\ar@mcellbox=\box31
\extrarowheight=\dimen151
\NC@list=\toks25
\extratabsurround=\skip61
\backup@length=\skip62
\ar@cellbox=\box32
)
\TX@col@width=\dimen152
\TX@old@table=\dimen153
\TX@old@col=\dimen154
\TX@target=\dimen155
\TX@delta=\dimen156
\TX@cols=\count120
\TX@ftn=\toks26
)
("C:/Users/User/AppData/Local/Programs/MiKTeX 2.9/tex/latex/tabulary/tabulary.s
ty"
Package: tabulary 2014/06/11 v0.10 tabulary package (DPC)
\TY@count=\count121
\TY@linewidth=\dimen157
\tymin=\dimen158
\tymax=\dimen159
\TY@tablewidth=\dimen160
)
("C:/Users/User/AppData/Local/Programs/MiKTeX 2.9/tex/latex/multirow/multirow.s
ty"
Package: multirow 2018/08/03 v2.3 Span multiple rows of a table
\multirow@colwidth=\skip63
\multirow@cntb=\count122
\multirow@dima=\skip64
\bigstrutjot=\dimen161
) ("C:/Users/User/AppData/Local/Programs/MiKTeX 2.9/tex/latex/float/float.sty"
Package: float 2001/11/08 v1.3d Float enhancements (AL)
\c@float@type=\count123
\float@exts=\toks27
\float@box=\box33
\@float@everytoks=\toks28
\@floatcapt=\box34
)
("C:/Users/User/AppData/Local/Programs/MiKTeX 2.9/tex/latex/caption/totalcount.
sty"
Package: totalcount 2018/01/21 v1.0a Total values of counters (AR)
\c@totalcount@figure=\count124
\c@totalcount@table=\count125
)
("C:/Users/User/AppData/Local/Programs/MiKTeX 2.9/tex/latex/diagbox/diagbox.sty
"
Package: diagbox 2016/12/28 v2.2 Making table heads with diagonal lines
 ("C:/Users/User/AppData/Local/Programs/MiKTeX 2.9/tex/latex/pict2e/pict2e.sty"
Package: pict2e 2016/02/05 v0.3b Improved picture commands (HjG,RN,JT)
 ("C:/Users/User/AppData/Local/Programs/MiKTeX 2.9/tex/latex/pict2e/pict2e.cfg"
File: pict2e.cfg 2016/02/05 v0.1u pict2e configuration for teTeX/TeXLive
)
Package pict2e Info: Driver file: luatex.def on input line 119.
Package pict2e Info: Driver file for pict2e: p2e-luatex.def on input line 121.

("C:/Users/User/AppData/Local/Programs/MiKTeX 2.9/tex/latex/pict2e/p2e-luatex.d
ef"
File: p2e-luatex.def 2016/02/05 v0.1u Driver-dependant file (RN,HjG,JT)
)
\pIIe@GRAPH=\toks29
\@arclen=\dimen162
\@arcrad=\dimen163
\@tempdimd=\dimen164
) ("C:/Users/User/AppData/Local/Programs/MiKTeX 2.9/tex/latex/fp/fp.sty"
Package: fp 1995/04/02

`Fixed Point Package', Version 0.8, April 2, 1995 (C) Michael Mehlich
("C:/Users/User/AppData/Local/Programs/MiKTeX 2.9/tex/latex/fp/defpattern.sty"
Package: defpattern 1994/10/12
\actioncount=\count126
) ("C:/Users/User/AppData/Local/Programs/MiKTeX 2.9/tex/latex/fp/fp-basic.sty"
Package: fp-basic 1996/05/13
\FP@xs=\count127
\FP@xia=\count128
\FP@xib=\count129
\FP@xfa=\count130
\FP@xfb=\count131
\FP@rega=\count132
\FP@regb=\count133
\FP@regs=\count134
\FP@times=\count135
)
("C:/Users/User/AppData/Local/Programs/MiKTeX 2.9/tex/latex/fp/fp-addons.sty"
Package: fp-addons 1995/03/15
)
("C:/Users/User/AppData/Local/Programs/MiKTeX 2.9/tex/latex/fp/fp-snap.sty"
Package: fp-snap 1995/04/05
)
("C:/Users/User/AppData/Local/Programs/MiKTeX 2.9/tex/latex/fp/fp-exp.sty"
Package: fp-exp 1995/04/03
)
("C:/Users/User/AppData/Local/Programs/MiKTeX 2.9/tex/latex/fp/fp-trigo.sty"
Package: fp-trigo 1995/04/14
)
("C:/Users/User/AppData/Local/Programs/MiKTeX 2.9/tex/latex/fp/fp-pas.sty"
Package: fp-pas 1994/08/29
)
("C:/Users/User/AppData/Local/Programs/MiKTeX 2.9/tex/latex/fp/fp-random.sty"
Package: fp-random 1995/02/23
\FPseed=\count136
)
("C:/Users/User/AppData/Local/Programs/MiKTeX 2.9/tex/latex/fp/fp-eqn.sty"
Package: fp-eqn 1995/04/03
)
("C:/Users/User/AppData/Local/Programs/MiKTeX 2.9/tex/latex/fp/fp-upn.sty"
Package: fp-upn 1996/10/21
)
("C:/Users/User/AppData/Local/Programs/MiKTeX 2.9/tex/latex/fp/fp-eval.sty"
Package: fp-eval 1995/04/03
))
\diagbox@boxa=\box35
\diagbox@boxb=\box36
\diagbox@boxm=\box37
\diagbox@wd=\dimen165
\diagbox@ht=\dimen166
\diagbox@insepl=\dimen167
\diagbox@insepr=\dimen168
\diagbox@outsepl=\dimen169
\diagbox@outsepr=\dimen170
)
("C:/Users/User/AppData/Local/Programs/MiKTeX 2.9/tex/latex/csquotes/csquotes.s
ty"
Package: csquotes 2018/04/13 v5.2d context-sensitive quotations (JAW)

("C:/Users/User/AppData/Local/Programs/MiKTeX 2.9/tex/latex/etoolbox/etoolbox.s
ty"
Package: etoolbox 2018/08/19 v2.5f e-TeX tools for LaTeX (JAW)
\etb@tempcnta=\count137
)
\csq@reset=\count138
\csq@gtype=\count139
\csq@glevel=\count140
\csq@qlevel=\count141
\csq@maxlvl=\count142
\csq@tshold=\count143
\csq@ltx@everypar=\toks30

("C:/Users/User/AppData/Local/Programs/MiKTeX 2.9/tex/latex/csquotes/csquotes.d
ef"
File: csquotes.def 2018/04/13 v5.2d csquotes generic definitions (JAW)
)
Package csquotes Info: Trying to load configuration file 'csquotes.cfg'...
Package csquotes Info: ... configuration file loaded successfully.

("C:/Users/User/AppData/Local/Programs/MiKTeX 2.9/tex/latex/csquotes/csquotes.c
fg"
File: csquotes.cfg 
)
Package csquotes Info: Redefining alias 'german' -> 'german/guillemets'.
)
("C:/Users/User/AppData/Local/Programs/MiKTeX 2.9/tex/latex/fontspec/fontspec.s
ty"
("C:/Users/User/AppData/Local/Programs/MiKTeX 2.9/tex/latex/l3packages/xparse/x
parse.sty"
("C:/Users/User/AppData/Local/Programs/MiKTeX 2.9/tex/latex/l3kernel/expl3.sty"
Package: expl3 2018-11-19 L3 programming layer (loader) 

("C:/Users/User/AppData/Local/Programs/MiKTeX 2.9/tex/latex/l3kernel/expl3-code
.tex"
Package: expl3 2018-11-19 L3 programming layer (code)
\ucharcat@table=\catcodetable5
\c_max_int=\count144
\l_tmpa_int=\count145
\l_tmpb_int=\count146
\g_tmpa_int=\count147
\g_tmpb_int=\count148
\g__kernel_prg_map_int=\count149
\c_log_iow=\count150
\l_iow_line_count_int=\count151
\l__iow_line_target_int=\count152
\l__iow_one_indent_int=\count153
\l__iow_indent_int=\count154
\c_zero_dim=\dimen171
\c_max_dim=\dimen172
\l_tmpa_dim=\dimen173
\l_tmpb_dim=\dimen174
\g_tmpa_dim=\dimen175
\g_tmpb_dim=\dimen176
\c_zero_skip=\skip65
\c_max_skip=\skip66
\l_tmpa_skip=\skip67
\l_tmpb_skip=\skip68
\g_tmpa_skip=\skip69
\g_tmpb_skip=\skip70
\c_zero_muskip=\muskip11
\c_max_muskip=\muskip12
\l_tmpa_muskip=\muskip13
\l_tmpb_muskip=\muskip14
\g_tmpa_muskip=\muskip15
\g_tmpb_muskip=\muskip16
\l_keys_choice_int=\count155
\l__intarray_loop_int=\count156
\c__intarray_sp_dim=\dimen177
\g__intarray_font_int=\count157
\c__fp_leading_shift_int=\count158
\c__fp_middle_shift_int=\count159
\c__fp_trailing_shift_int=\count160
\c__fp_big_leading_shift_int=\count161
\c__fp_big_middle_shift_int=\count162
\c__fp_big_trailing_shift_int=\count163
\c__fp_Bigg_leading_shift_int=\count164
\c__fp_Bigg_middle_shift_int=\count165
\c__fp_Bigg_trailing_shift_int=\count166
\g__fp_array_int=\count167
\l__fp_array_loop_int=\count168
\l__sort_length_int=\count169
\l__sort_min_int=\count170
\l__sort_top_int=\count171
\l__sort_max_int=\count172
\l__sort_true_max_int=\count173
\l__sort_block_int=\count174
\l__sort_begin_int=\count175
\l__sort_end_int=\count176
\l__sort_A_int=\count177
\l__sort_B_int=\count178
\l__sort_C_int=\count179
\l__tl_analysis_normal_int=\count180
\l__tl_analysis_index_int=\count181
\l__tl_analysis_nesting_int=\count182
\l__tl_analysis_type_int=\count183
\l__regex_internal_a_int=\count184
\l__regex_internal_b_int=\count185
\l__regex_internal_c_int=\count186
\l__regex_balance_int=\count187
\l__regex_group_level_int=\count188
\l__regex_mode_int=\count189
\c__regex_cs_in_class_mode_int=\count190
\c__regex_cs_mode_int=\count191
\l__regex_catcodes_int=\count192
\l__regex_default_catcodes_int=\count193
\c__regex_catcode_L_int=\count194
\c__regex_catcode_O_int=\count195
\c__regex_catcode_A_int=\count196
\c__regex_all_catcodes_int=\count197
\l__regex_show_lines_int=\count198
\l__regex_min_state_int=\count199
\l__regex_max_state_int=\count266
\l__regex_left_state_int=\count267
\l__regex_right_state_int=\count268
\l__regex_capturing_group_int=\count269
\l__regex_min_pos_int=\count270
\l__regex_max_pos_int=\count271
\l__regex_curr_pos_int=\count272
\l__regex_start_pos_int=\count273
\l__regex_success_pos_int=\count274
\l__regex_curr_char_int=\count275
\l__regex_curr_catcode_int=\count276
\l__regex_last_char_int=\count277
\l__regex_case_changed_char_int=\count278
\l__regex_curr_state_int=\count279
\l__regex_step_int=\count280
\l__regex_min_active_int=\count281
\l__regex_max_active_int=\count282
\l__regex_replacement_csnames_int=\count283
\l__regex_match_count_int=\count284
\l__regex_min_submatch_int=\count285
\l__regex_submatch_int=\count286
\l__regex_zeroth_submatch_int=\count287
\g__regex_trace_regex_int=\count288
\c_empty_box=\box38
\l_tmpa_box=\box39
\l_tmpb_box=\box40
\g_tmpa_box=\box41
\g_tmpb_box=\box42
\l__box_top_dim=\dimen178
\l__box_bottom_dim=\dimen179
\l__box_left_dim=\dimen180
\l__box_right_dim=\dimen181
\l__box_top_new_dim=\dimen182
\l__box_bottom_new_dim=\dimen183
\l__box_left_new_dim=\dimen184
\l__box_right_new_dim=\dimen185
\l__box_internal_box=\box43
\l__coffin_internal_box=\box44
\l__coffin_internal_dim=\dimen186
\l__coffin_offset_x_dim=\dimen187
\l__coffin_offset_y_dim=\dimen188
\l__coffin_x_dim=\dimen189
\l__coffin_y_dim=\dimen190
\l__coffin_x_prime_dim=\dimen191
\l__coffin_y_prime_dim=\dimen192
\c_empty_coffin=\box45
\l__coffin_aligned_coffin=\box46
\l__coffin_aligned_internal_coffin=\box47
\l_tmpa_coffin=\box48
\l_tmpb_coffin=\box49
\l__coffin_display_coffin=\box50
\l__coffin_display_coord_coffin=\box51
\l__coffin_display_pole_coffin=\box52
\l__coffin_display_offset_dim=\dimen193
\l__coffin_display_x_dim=\dimen194
\l__coffin_display_y_dim=\dimen195
\g__file_internal_ior=\read1
\l__coffin_bounding_shift_dim=\dimen196
\l__coffin_left_corner_dim=\dimen197
\l__coffin_right_corner_dim=\dimen198
\l__coffin_bottom_corner_dim=\dimen199
\l__coffin_top_corner_dim=\dimen256
\l__coffin_scaled_total_height_dim=\dimen257
\l__coffin_scaled_width_dim=\dimen258
\l__seq_internal_a_int=\count289
\l__seq_internal_b_int=\count290
)
("C:/Users/User/AppData/Local/Programs/MiKTeX 2.9/tex/latex/l3kernel/l3pdfmode.
def"
File: l3pdfmode.def 2018-11-19 v L3 Experimental driver: PDF mode
\l__driver_color_stack_int=\count291
))
Package: xparse 2018-10-17 L3 Experimental document command parser
\l__xparse_current_arg_int=\count292
\g__xparse_grabber_int=\count293
\l__xparse_m_args_int=\count294
\l__xparse_mandatory_args_int=\count295
\l__xparse_v_nesting_int=\count296
)
Package: fontspec 2018/07/30 vv2.6h Font selection for XeLaTeX and LuaLaTeX
Lua module: fontspec 2018/07/30 v2.6h Font selection for XeLaTeX and LuaLaTeX
("C:/Users/User/AppData/Local/Programs/MiKTeX 2.9/tex/latex/fontspec/fontspec-l
uatex.sty"
Package: fontspec-luatex 2018/07/30 vv2.6h Font selection for XeLaTeX and LuaLaT
eX
\l__fontspec_script_int=\count297
\l__fontspec_language_int=\count298
\l__fontspec_strnum_int=\count299
\l__fontspec_tmp_int=\count300
\l__fontspec_em_int=\count301
\l__fontspec_emdef_int=\count302
\l__fontspec_strong_int=\count303
\l__fontspec_strongdef_int=\count304
\l__fontspec_tmpa_dim=\dimen259
\l__fontspec_tmpb_dim=\dimen260
\l__fontspec_tmpc_dim=\dimen261

("C:/Users/User/AppData/Local/Programs/MiKTeX 2.9/tex/latex/base/fontenc.sty"
Package: fontenc 2017/04/05 v2.0i Standard LaTeX package

("C:/Users/User/AppData/Local/Programs/MiKTeX 2.9/tex/latex/base/tuenc.def"
File: tuenc.def 2017/04/05 v2.0i Standard LaTeX file
LaTeX Font Info:    Redeclaring font encoding TU on input line 82.
))
("C:/Users/User/AppData/Local/Programs/MiKTeX 2.9/tex/latex/fontspec/fontspec.c
fg")
LaTeX Info: Redefining \itshape on input line 3644.
LaTeX Info: Redefining \slshape on input line 3649.
LaTeX Info: Redefining \scshape on input line 3654.
LaTeX Info: Redefining \upshape on input line 3659.
LaTeX Info: Redefining \em on input line 3689.
LaTeX Info: Redefining \emph on input line 3714.
LaTeX Info: Redefining \- on input line 3768.
))
("C:/Users/User/AppData/Local/Programs/MiKTeX 2.9/tex/latex/enumitem/enumitem.s
ty"
Package: enumitem 2018/11/30 v3.6 Customized lists
\labelindent=\skip71
\enit@outerparindent=\dimen262
\enit@toks=\toks31
\enit@inbox=\box53
\enitdp@description=\count305
)
("C:/Users/User/AppData/Local/Programs/MiKTeX 2.9/tex/latex/hyperref/hyperref.s
ty"
Package: hyperref 2018/11/30 v6.88e Hypertext links for LaTeX

("C:/Users/User/AppData/Local/Programs/MiKTeX 2.9/tex/generic/oberdiek/hobsub-h
yperref.sty"
Package: hobsub-hyperref 2016/05/16 v1.14 Bundle oberdiek, subset hyperref (HO)

("C:/Users/User/AppData/Local/Programs/MiKTeX 2.9/tex/generic/oberdiek/hobsub-g
eneric.sty"
Package: hobsub-generic 2016/05/16 v1.14 Bundle oberdiek, subset generic (HO)
Package: hobsub 2016/05/16 v1.14 Construct package bundles (HO)
Package: infwarerr 2016/05/16 v1.4 Providing info/warning/error messages (HO)
Package: ltxcmds 2016/05/16 v1.23 LaTeX kernel commands for general use (HO)
Package: ifluatex 2016/05/16 v1.4 Provides the ifluatex switch (HO)
Package ifluatex Info: LuaTeX detected.
Package hobsub Info: Skipping package `ifvtex' (already loaded).
Package: intcalc 2016/05/16 v1.2 Expandable calculations with integers (HO)
Package hobsub Info: Skipping package `ifpdf' (already loaded).
Package: etexcmds 2016/05/16 v1.6 Avoid name clashes with e-TeX commands (HO)
Package: kvsetkeys 2016/05/16 v1.17 Key value parser (HO)
Package: kvdefinekeys 2016/05/16 v1.4 Define keys (HO)
Package: luatex-loader 2016/05/16 v0.6 Lua module loader (HO)

(C:/Users/User/AppData/Local/Programs/MiKTeX 2.9/scripts/oberdiek/oberdiek.luate
x.lua)
Package: pdftexcmds 2018/09/10 v0.29 Utility functions of pdfTeX for LuaTeX (HO)

Package pdftexcmds Info: \pdf@primitive is available.
Package pdftexcmds Info: \pdf@ifprimitive is available.
Package pdftexcmds Info: \pdfdraftmode found.
\pdftexcmds@toks=\toks32
Package: pdfescape 2016/05/16 v1.14 Implements pdfTeX's escape features (HO)
Package: bigintcalc 2016/05/16 v1.4 Expandable calculations on big integers (HO)

Package: bitset 2016/05/16 v1.2 Handle bit-vector datatype (HO)
Package: uniquecounter 2016/05/16 v1.3 Provide unlimited unique counter (HO)
)
Package hobsub Info: Skipping package `hobsub' (already loaded).
Package: letltxmacro 2016/05/16 v1.5 Let assignment for LaTeX macros (HO)
Package: hopatch 2016/05/16 v1.3 Wrapper for package hooks (HO)
Package: xcolor-patch 2016/05/16 xcolor patch
Package: atveryend 2016/05/16 v1.9 Hooks at the very end of document (HO)
Package: atbegshi 2016/06/09 v1.18 At begin shipout hook (HO)
Package: refcount 2016/05/16 v3.5 Data extraction from label references (HO)
Package: hycolor 2016/05/16 v1.8 Color options for hyperref/bookmark (HO)
)
("C:/Users/User/AppData/Local/Programs/MiKTeX 2.9/tex/latex/oberdiek/auxhook.st
y"
Package: auxhook 2016/05/16 v1.4 Hooks for auxiliary files (HO)
)
("C:/Users/User/AppData/Local/Programs/MiKTeX 2.9/tex/latex/oberdiek/kvoptions.
sty"
Package: kvoptions 2016/05/16 v3.12 Key value format for package options (HO)
)
\@linkdim=\dimen263
\Hy@linkcounter=\count306
\Hy@pagecounter=\count307

("C:/Users/User/AppData/Local/Programs/MiKTeX 2.9/tex/latex/hyperref/pd1enc.def
"
File: pd1enc.def 2018/11/30 v6.88e Hyperref: PDFDocEncoding definition (HO)
)
\Hy@SavedSpaceFactor=\count308
Package hyperref Info: Option `unicode' set `true' on input line 3475.

("C:/Users/User/AppData/Local/Programs/MiKTeX 2.9/tex/latex/hyperref/puenc.def"
File: puenc.def 2018/11/30 v6.88e Hyperref: PDF Unicode definition (HO)
)
("C:/Users/User/AppData/Local/Programs/MiKTeX 2.9/tex/latex/00miktex/hyperref.c
fg"
File: hyperref.cfg 2002/06/06 v1.2 hyperref configuration of TeXLive
)
Package hyperref Info: Hyper figures OFF on input line 4519.
Package hyperref Info: Link nesting OFF on input line 4524.
Package hyperref Info: Hyper index ON on input line 4527.
Package hyperref Info: Plain pages OFF on input line 4534.
Package hyperref Info: Backreferencing OFF on input line 4539.
Package hyperref Info: Implicit mode ON; LaTeX internals redefined.
Package hyperref Info: Bookmarks ON on input line 4772.
\c@Hy@tempcnt=\count309
 ("C:/Users/User/AppData/Local/Programs/MiKTeX 2.9/tex/latex/url/url.sty"
\Urlmuskip=\muskip17
Package: url 2013/09/16  ver 3.4  Verb mode for urls, etc.
)
LaTeX Info: Redefining \url on input line 5125.
\XeTeXLinkMargin=\dimen264
\Fld@menulength=\count310
\Field@Width=\dimen265
\Fld@charsize=\dimen266
Package hyperref Info: Hyper figures OFF on input line 6380.
Package hyperref Info: Link nesting OFF on input line 6385.
Package hyperref Info: Hyper index ON on input line 6388.
Package hyperref Info: backreferencing OFF on input line 6395.
Package hyperref Info: Link coloring OFF on input line 6400.
Package hyperref Info: Link coloring with OCG OFF on input line 6405.
Package hyperref Info: PDF/A mode OFF on input line 6410.
LaTeX Info: Redefining \ref on input line 6450.
LaTeX Info: Redefining \pageref on input line 6454.
\Hy@abspage=\count311
\c@Item=\count312
\c@Hfootnote=\count313
)
Package hyperref Info: Driver (autodetected): hluatex.

("C:/Users/User/AppData/Local/Programs/MiKTeX 2.9/tex/latex/hyperref/hluatex.de
f"
File: hluatex.def 2018/11/30 v6.88e Hyperref driver for luaTeX
\Fld@listcount=\count314
\c@bookmark@seq@number=\count315

("C:/Users/User/AppData/Local/Programs/MiKTeX 2.9/tex/latex/oberdiek/rerunfilec
heck.sty"
Package: rerunfilecheck 2016/05/16 v1.8 Rerun checks for auxiliary files (HO)
Package uniquecounter Info: New unique counter `rerunfilecheck' on input line 28
2.
)
\Hy@SectionHShift=\skip72
)
luaotfload | cache : Lookup cache loaded from C:/Users/User/AppData/Local/MiKTeX
/2.9/luatex-cache/generic/names/luaotfload-lookup-cache.luc.
luaotfload | aux : font no 29 (nil) does not define feature hlig for script latn
 with language dflt
luaotfload | aux : no font with id 29

Package fontspec Warning: OpenType feature 'Ligatures=TeX,Historic' (hlig) not
(fontspec)                available for font 'TimesNewRoman' with script
(fontspec)                'Latin' and language 'Default'.

luaotfload | aux : font no 29 (nil) does not define feature hlig for script latn
 with language dflt
luaotfload | aux : no font with id 29

Package fontspec Warning: OpenType feature 'Ligatures=TeX,Historic' (hlig) not
(fontspec)                available for font 'TimesNewRoman' with script
(fontspec)                'Latin' and language 'Default'.

luaotfload | aux : font no 29 (nil) does not define feature hlig for script latn
 with language dflt
luaotfload | aux : no font with id 29

Package fontspec Warning: OpenType feature 'Ligatures=TeX,Historic' (hlig) not
(fontspec)                available for font 'TimesNewRoman' with script
(fontspec)                'Latin' and language 'Default'.

luaotfload | aux : font no 31 (nil) does not define feature hlig for script latn
 with language dflt
luaotfload | aux : no font with id 31

Package fontspec Warning: OpenType feature 'Ligatures=TeX,Historic' (hlig) not
(fontspec)                available for font 'TimesNewRoman/B' with script
(fontspec)                'Latin' and language 'Default'.

luaotfload | aux : font no 31 (nil) does not define feature hlig for script latn
 with language dflt
luaotfload | aux : no font with id 31

Package fontspec Warning: OpenType feature 'Ligatures=TeX,Historic' (hlig) not
(fontspec)                available for font 'TimesNewRoman/B' with script
(fontspec)                'Latin' and language 'Default'.

luaotfload | aux : font no 32 (nil) does not define feature hlig for script latn
 with language dflt
luaotfload | aux : no font with id 32

Package fontspec Warning: OpenType feature 'Ligatures=TeX,Historic' (hlig) not
(fontspec)                available for font 'TimesNewRoman/I' with script
(fontspec)                'Latin' and language 'Default'.

luaotfload | aux : font no 32 (nil) does not define feature hlig for script latn
 with language dflt
luaotfload | aux : no font with id 32

Package fontspec Warning: OpenType feature 'Ligatures=TeX,Historic' (hlig) not
(fontspec)                available for font 'TimesNewRoman/I' with script
(fontspec)                'Latin' and language 'Default'.

luaotfload | aux : font no 30 (nil) does not define feature hlig for script latn
 with language dflt
luaotfload | aux : no font with id 30

Package fontspec Warning: OpenType feature 'Ligatures=TeX,Historic' (hlig) not
(fontspec)                available for font 'TimesNewRoman/BI' with script
(fontspec)                'Latin' and language 'Default'.

luaotfload | aux : font no 30 (nil) does not define feature hlig for script latn
 with language dflt
luaotfload | aux : no font with id 30

Package fontspec Warning: OpenType feature 'Ligatures=TeX,Historic' (hlig) not
(fontspec)                available for font 'TimesNewRoman/BI' with script
(fontspec)                'Latin' and language 'Default'.


Package fontspec Info: Font family 'TimesNewRoman(0)' created for font 'Times
(fontspec)             New Roman' with options
(fontspec)             [Ligatures={TeX},Renderer=Basic,Ligatures=TeX,Ligatures={
TeX,Historic}].
(fontspec)              
(fontspec)              This font family consists of the following NFSS
(fontspec)             series/shapes:
(fontspec)              
(fontspec)             - 'normal' (m/n) with NFSS spec.:
(fontspec)             <->"TimesNewRoman:mode=base;script=latn;language=DFLT;+tl
ig;"
(fontspec)             - 'small caps'  (m/sc) with NFSS spec.:
(fontspec)             <->"TimesNewRoman:mode=base;script=latn;language=DFLT;+tl
ig;+smcp;"
(fontspec)             - 'bold' (bx/n) with NFSS spec.:
(fontspec)             <->"TimesNewRoman/B:mode=base;script=latn;language=DFLT;+
tlig;"
(fontspec)             - 'bold small caps'  (bx/sc) with NFSS spec.:
(fontspec)             <->"TimesNewRoman/B:mode=base;script=latn;language=DFLT;+
tlig;+smcp;"
(fontspec)             - 'italic' (m/it) with NFSS spec.:
(fontspec)             <->"TimesNewRoman/I:mode=base;script=latn;language=DFLT;+
tlig;"
(fontspec)             - 'italic small caps'  (m/itsc) with NFSS spec.:
(fontspec)             <->"TimesNewRoman/I:mode=base;script=latn;language=DFLT;+
tlig;+smcp;"
(fontspec)             - 'bold italic' (bx/it) with NFSS spec.:
(fontspec)             <->"TimesNewRoman/BI:mode=base;script=latn;language=DFLT;
+tlig;"
(fontspec)             - 'bold italic small caps'  (bx/itsc) with NFSS spec.:
(fontspec)             <->"TimesNewRoman/BI:mode=base;script=latn;language=DFLT;
+tlig;+smcp;"

LaTeX Info: Redefining \rmfamily on input line 150.
("C:/Users/User/AppData/Local/Programs/MiKTeX 2.9/tex/latex/titlesec/block.tss"
File: block.tss 2016/03/15
)
Package hyperref Info: Option `colorlinks' set `true' on input line 216.
Package csquotes Info: Checking for multilingual support...
Package csquotes Info: ... found 'babel' package.
Package csquotes Info: Adjusting default style.
Package csquotes Info: Redefining alias 'default' -> 'russian'.
 (./kursach.aux)
\openout1 = kursach.aux

LaTeX Font Info:    Checking defaults for OML/cmm/m/it on input line 235.
LaTeX Font Info:    ... okay on input line 235.
LaTeX Font Info:    Checking defaults for T1/cmr/m/n on input line 235.
LaTeX Font Info:    ... okay on input line 235.
LaTeX Font Info:    Checking defaults for OT1/cmr/m/n on input line 235.
LaTeX Font Info:    ... okay on input line 235.
LaTeX Font Info:    Checking defaults for OMS/cmsy/m/n on input line 235.
LaTeX Font Info:    ... okay on input line 235.
LaTeX Font Info:    Checking defaults for TU/lmr/m/n on input line 235.
LaTeX Font Info:    ... okay on input line 235.
LaTeX Font Info:    Checking defaults for OMX/cmex/m/n on input line 235.
LaTeX Font Info:    ... okay on input line 235.
LaTeX Font Info:    Checking defaults for U/cmr/m/n on input line 235.
LaTeX Font Info:    ... okay on input line 235.
LaTeX Font Info:    Checking defaults for T2A/cmr/m/n on input line 235.
LaTeX Font Info:    ... okay on input line 235.
LaTeX Font Info:    Checking defaults for PD1/pdf/m/n on input line 235.
LaTeX Font Info:    ... okay on input line 235.
LaTeX Font Info:    Checking defaults for PU/pdf/m/n on input line 235.
LaTeX Font Info:    ... okay on input line 235.

*geometry* driver: auto-detecting
*geometry* detected driver: luatex
*geometry* verbose mode - [ preamble ] result:
* driver: luatex
* paper: a4paper
* layout: <same size as paper>
* layoutoffset:(h,v)=(0.0pt,0.0pt)
* modes: 
* h-part:(L,W,R)=(85.35826pt, 455.24411pt, 56.9055pt)
* v-part:(T,H,B)=(56.9055pt, 731.23584pt, 56.9055pt)
* \paperwidth=597.50787pt
* \paperheight=845.04684pt
* \textwidth=455.24411pt
* \textheight=731.23584pt
* \oddsidemargin=13.08827pt
* \evensidemargin=13.08827pt
* \topmargin=-52.36449pt
* \headheight=12.0pt
* \headsep=25.0pt
* \topskip=12.0pt
* \footskip=30.0pt
* \marginparwidth=35.0pt
* \marginparsep=10.0pt
* \columnsep=10.0pt
* \skip\footins=10.8pt plus 4.0pt minus 2.0pt
* \hoffset=0.0pt
* \voffset=0.0pt
* \mag=1000
* \@twocolumnfalse
* \@twosidefalse
* \@mparswitchfalse
* \@reversemarginfalse
* (1in=72.27pt=25.4mm, 1cm=28.453pt)

Package lastpage Info: Please have a look at the pageslts package at
(lastpage)             https://www.ctan.org/pkg/pageslts
(lastpage)             ! on input line 235.

("C:/Users/User/AppData/Local/Programs/MiKTeX 2.9/tex/context/base/supp-pdf.mki
i"
[Loading MPS to PDF converter (version 2006.09.02).]
\scratchcounter=\count316
\scratchdimen=\dimen267
\scratchbox=\box54
\nofMPsegments=\count317
\nofMParguments=\count318
\everyMPshowfont=\toks33
\MPscratchCnt=\count319
\MPscratchDim=\dimen268
\MPnumerator=\count320
\makeMPintoPDFobject=\count321
\everyMPtoPDFconversion=\toks34
)
("C:/Users/User/AppData/Local/Programs/MiKTeX 2.9/tex/latex/oberdiek/epstopdf-b
ase.sty"
Package: epstopdf-base 2016/05/15 v2.6 Base part for package epstopdf

("C:/Users/User/AppData/Local/Programs/MiKTeX 2.9/tex/latex/oberdiek/grfext.sty
"
Package: grfext 2016/05/16 v1.2 Manage graphics extensions (HO)
)
Package epstopdf-base Info: Redefining graphics rule for `.eps' on input line 43
8.
Package grfext Info: Graphics extension search list:
(grfext)             [.pdf,.png,.jpg,.mps,.jpeg,.jbig2,.jb2,.PDF,.PNG,.JPG,.JPEG
,.JBIG2,.JB2,.eps]
(grfext)             \AppendGraphicsExtensions on input line 456.
)
Package caption Info: Begin \AtBeginDocument code.
Package caption Info: float package is loaded.
Package caption Info: hyperref package is loaded.
Package caption Info: listings package is loaded.
Package caption Info: End \AtBeginDocument code.
\c@lstlisting=\count322

Package fontspec Info: Adjusting the maths setup (use [no-math] to avoid
(fontspec)             this).

\symlegacymaths=\mathgroup6
LaTeX Font Info:    Overwriting symbol font `legacymaths' in version `bold'
(Font)                  OT1/cmr/m/n --> OT1/cmr/bx/n on input line 235.
LaTeX Font Info:    Redeclaring math accent \acute on input line 235.
LaTeX Font Info:    Redeclaring math accent \grave on input line 235.
LaTeX Font Info:    Redeclaring math accent \ddot on input line 235.
LaTeX Font Info:    Redeclaring math accent \tilde on input line 235.
LaTeX Font Info:    Redeclaring math accent \bar on input line 235.
LaTeX Font Info:    Redeclaring math accent \breve on input line 235.
LaTeX Font Info:    Redeclaring math accent \check on input line 235.
LaTeX Font Info:    Redeclaring math accent \hat on input line 235.
LaTeX Font Info:    Redeclaring math accent \dot on input line 235.
LaTeX Font Info:    Redeclaring math accent \mathring on input line 235.
LaTeX Font Info:    Redeclaring math symbol \Gamma on input line 235.
LaTeX Font Info:    Redeclaring math symbol \Delta on input line 235.
LaTeX Font Info:    Redeclaring math symbol \Theta on input line 235.
LaTeX Font Info:    Redeclaring math symbol \Lambda on input line 235.
LaTeX Font Info:    Redeclaring math symbol \Xi on input line 235.
LaTeX Font Info:    Redeclaring math symbol \Pi on input line 235.
LaTeX Font Info:    Redeclaring math symbol \Sigma on input line 235.
LaTeX Font Info:    Redeclaring math symbol \Upsilon on input line 235.
LaTeX Font Info:    Redeclaring math symbol \Phi on input line 235.
LaTeX Font Info:    Redeclaring math symbol \Psi on input line 235.
LaTeX Font Info:    Redeclaring math symbol \Omega on input line 235.
LaTeX Font Info:    Redeclaring math symbol \mathdollar on input line 235.
LaTeX Font Info:    Redeclaring symbol font `operators' on input line 235.
LaTeX Font Info:    Encoding `OT1' has changed to `TU' for symbol font
(Font)              `operators' in the math version `normal' on input line 235.
LaTeX Font Info:    Overwriting symbol font `operators' in version `normal'
(Font)                  OT1/cmr/m/n --> TU/TimesNewRoman(0)/m/n on input line 23
5.
LaTeX Font Info:    Encoding `OT1' has changed to `TU' for symbol font
(Font)              `operators' in the math version `bold' on input line 235.
LaTeX Font Info:    Overwriting symbol font `operators' in version `bold'
(Font)                  OT1/cmr/bx/n --> TU/TimesNewRoman(0)/m/n on input line 2
35.
LaTeX Font Info:    Overwriting symbol font `operators' in version `normal'
(Font)                  TU/TimesNewRoman(0)/m/n --> TU/TimesNewRoman(0)/m/n on i
nput line 235.
LaTeX Font Info:    Overwriting math alphabet `\mathit' in version `normal'
(Font)                  OT1/cmr/m/it --> TU/TimesNewRoman(0)/m/it on input line 
235.
LaTeX Font Info:    Overwriting math alphabet `\mathbf' in version `normal'
(Font)                  OT1/cmr/bx/n --> TU/TimesNewRoman(0)/bx/n on input line 
235.
LaTeX Font Info:    Overwriting math alphabet `\mathsf' in version `normal'
(Font)                  OT1/cmss/m/n --> TU/lmss/m/n on input line 235.
LaTeX Font Info:    Overwriting math alphabet `\mathtt' in version `normal'
(Font)                  OT1/cmtt/m/n --> TU/lmtt/m/n on input line 235.
LaTeX Font Info:    Overwriting symbol font `operators' in version `bold'
(Font)                  TU/TimesNewRoman(0)/m/n --> TU/TimesNewRoman(0)/bx/n on 
input line 235.
LaTeX Font Info:    Overwriting math alphabet `\mathit' in version `bold'
(Font)                  OT1/cmr/bx/it --> TU/TimesNewRoman(0)/bx/it on input lin
e 235.
LaTeX Font Info:    Overwriting math alphabet `\mathsf' in version `bold'
(Font)                  OT1/cmss/bx/n --> TU/lmss/bx/n on input line 235.
LaTeX Font Info:    Overwriting math alphabet `\mathtt' in version `bold'
(Font)                  OT1/cmtt/m/n --> TU/lmtt/bx/n on input line 235.
\AtBeginShipoutBox=\box55

("C:/Users/User/AppData/Local/Programs/MiKTeX 2.9/tex/latex/graphics/color.sty"
Package: color 2016/07/10 v1.1e Standard LaTeX Color (DPC)
LaTeX Info: Redefining \color on input line 86.

("C:/Users/User/AppData/Local/Programs/MiKTeX 2.9/tex/latex/graphics-cfg/color.
cfg"
File: color.cfg 2016/01/02 v1.6 sample color configuration
)
Package color Info: Driver file: luatex.def on input line 147.
)
Package hyperref Info: Link coloring ON on input line 235.

("C:/Users/User/AppData/Local/Programs/MiKTeX 2.9/tex/latex/hyperref/nameref.st
y"
Package: nameref 2016/05/21 v2.44 Cross-referencing by name of section

("C:/Users/User/AppData/Local/Programs/MiKTeX 2.9/tex/generic/oberdiek/gettitle
string.sty"
Package: gettitlestring 2016/05/16 v1.5 Cleanup title references (HO)
)
\c@section@level=\count323
)
LaTeX Info: Redefining \ref on input line 235.
LaTeX Info: Redefining \pageref on input line 235.
LaTeX Info: Redefining \nameref on input line 235.
 (./kursach.out) (./kursach.out)
\@outlinefile=\write3

\openout3 = kursach.out

("C:/Users/User/AppData/Local/Programs/MiKTeX 2.9/tex/latex/amsfonts/umsa.fd")
("C:/Users/User/AppData/Local/Programs/MiKTeX 2.9/tex/latex/amsfonts/umsb.fd")
[1

{C:/Users/User/AppData/Local/MiKTeX/2.9/pdftex/config/pdftex.map}]
Overfull \hbox (14.52492pt too wide) in paragraph at lines 303--304
[]\TU/TimesNewRoman(0)/m/n/12 Тре-бу-ет-ся со-здать про-г
рам-му, вы-пол-ня-ю-щую рас-чет пе-ре-се-че-ни
я лу-ча с за-дан-ны-ми
 []


Overfull \hbox (16.67397pt too wide) in paragraph at lines 303--304
\TU/TimesNewRoman(0)/m/n/12 по-верх-но-стя-ми. Ре-зуль-та-
том ра-бо-ты про-грам-мы долж-ны быть ко-ор-д
и-на-ты точ-ки пе-ре-се-че-ния
 []


Overfull \hbox (16.54741pt too wide) in paragraph at lines 305--306
[]\TU/TimesNewRoman(0)/m/n/12 До-пол-нить про-грам-му, чт
о-бы сре-ди ре-зуль-та-тов бы-ли па-ра-мет-ры 
лу-ча, от-ра-жен-но-го
 []


Overfull \hbox (28.94585pt too wide) in paragraph at lines 307--308
[]\TU/TimesNewRoman(0)/m/n/12 До-пол-нить про-грам-му, чт
о-бы сре-ди ре-зуль-та-тов бы-ли па-ра-мет-ры 
лу-ча, пре-лом-лен-но-го
 []

[2]
Overfull \hbox (22.82489pt too wide) in paragraph at lines 355--356
[]\TU/TimesNewRoman(0)/m/n/12 На ри-сун-ках [][]1[][]-[][]3[][] пр
ед-став-ле-ны ре-зуль-та-ты пе-ре-се-че-ния л
у-ча и плос-ко-сти при раз-лич-ных
 []

<images/plane_intersect1.png, id=43, 631.6398pt x 535.5207pt>
File: images/plane_intersect1.png Graphic file (type png)
<use images/plane_intersect1.png>
Package luatex.def Info: images/plane_intersect1.png  used on input line 359.
(luatex.def)             Requested size: 388.37646pt x 329.282pt.
[3]
<images/plane_intersect2.png, id=60, 462.528pt x 389.5353pt>
File: images/plane_intersect2.png Graphic file (type png)
<use images/plane_intersect2.png>
Package luatex.def Info: images/plane_intersect2.png  used on input line 366.
(luatex.def)             Requested size: 388.37646pt x 327.10042pt.
<images/plane_intersect3.png, id=61, 500.8311pt x 460.3599pt>
File: images/plane_intersect3.png Graphic file (type png)
<use images/plane_intersect3.png>
Package luatex.def Info: images/plane_intersect3.png  used on input line 373.
(luatex.def)             Requested size: 388.37646pt x 357.00002pt.
 [4<./images/plane_intersect1.png><./images/plane_intersect2.png>] [5<./images/p
lane_intersect3.png>]
Overfull \hbox (7.51926pt too wide) in paragraph at lines 400--401
[]\TU/TimesNewRoman(0)/m/n/12 Ес-ли луч пе-ре-се-ка-ет сфе-
ру, то для нор-ма-ли в точ-ках пе-ре-се-че-ния 
име-ем два ва-ри-ан-та:
 []


Overfull \hbox (15.50108pt too wide) in paragraph at lines 415--416
[]\TU/TimesNewRoman(0)/m/n/12 Рас-сто-я-ния до пе-ре-се-че-
ния с ближ-ней и даль-ней сто-ро-на-ми сфе-ры:
 $[]$. 
 []


Overfull \hbox (2.91473pt too wide) in paragraph at lines 417--418
[]\TU/TimesNewRoman(0)/m/n/12 На ри-сун-ках [][]4[][]-[][]5[][] пр
ед-став-ле-ны ре-зуль-та-ты пе-ре-се-че-ния л
у-ча и сфе-ры при раз-лич-ных
 []

<images/sph_intersect1.png, id=79, 717.6411pt x 500.1084pt>
File: images/sph_intersect1.png Graphic file (type png)
<use images/sph_intersect1.png>
Package luatex.def Info: images/sph_intersect1.png  used on input line 420.
(luatex.def)             Requested size: 418.25368pt x 291.47481pt.
[6]
<images/sph_intersect2.png, id=95, 607.7907pt x 528.2937pt>
File: images/sph_intersect2.png Graphic file (type png)
<use images/sph_intersect2.png>
Package luatex.def Info: images/sph_intersect2.png  used on input line 427.
(luatex.def)             Requested size: 418.25368pt x 363.54765pt.
 [7<./images/sph_intersect1.png><./images/sph_intersect2.png>]
Overfull \hbox (41.04192pt too wide) in paragraph at lines 479--480
[]\TU/TimesNewRoman(0)/m/n/12 Рас-сто-я-ния до пе-ре-се-че-
ния с ближ-ней и даль-ней сто-ро-на-ми эл-лип-
са: $[]$. 
 []

<images/ell_intersect1.png, id=106, 462.528pt x 346.896pt>
File: images/ell_intersect1.png Graphic file (type png)
<use images/ell_intersect1.png>
Package luatex.def Info: images/ell_intersect1.png  used on input line 484.
(luatex.def)             Requested size: 418.25368pt x 313.70677pt.
<images/ell_intersect2.png, id=107, 499.3857pt x 393.8715pt>
File: images/ell_intersect2.png Graphic file (type png)
<use images/ell_intersect2.png>
Package luatex.def Info: images/ell_intersect2.png  used on input line 490.
(luatex.def)             Requested size: 418.25368pt x 329.88219pt.
[8<./images/ell_intersect1.png>] [9<./images/ell_intersect2.png>]
Overfull \hbox (27.58662pt too wide) in paragraph at lines 526--528
[]\TU/TimesNewRoman(0)/m/n/12 В дан-ной ла-бо-ра-тор-ной р
а-бо-те бы-ла со-зда-на про-грам-ма, ко-то-рая 
за-пра-ши-ва-ет па-ра-мет-ры
 []


Overfull \hbox (7.48842pt too wide) in paragraph at lines 526--528
\TU/TimesNewRoman(0)/m/n/12 лу-ча и па-ра-мет-ры по-верх-
но-сти. Ре-зуль-та-том ра-бо-ты про-грам-мы я
в-ля-лись ко-ор-ди-на-ты точ-ки
 []


Overfull \hbox (7.73256pt too wide) in paragraph at lines 526--528
\TU/TimesNewRoman(0)/m/n/12 сфе-ра и эл-лип-со-ид. Так-же 
был ре-а-ли-зо-ван ме-ха-низм отоб-ра-же-ния 
хо-да лу-чей и по-верх-но-сти
 []


Overfull \hbox (11.80779pt too wide) in paragraph at lines 526--528
\TU/TimesNewRoman(0)/m/n/12 в дву-мер-ном слу-чае. Про-гр
ам-ма мо-жет отоб-ра-жать па-да-ю-щий, от-ра-ж
ен-ный и пре-лом-лен-ный
 []


Overfull \hbox (45.64272pt too wide) in paragraph at lines 526--528
\TU/TimesNewRoman(0)/m/n/12 лу-чи. Бы-ли по-стро-ен-ные с
о-от-вет-ству-ю-щие гра-фи-ки хо-да лу-чей из 
сред с раз-ны-ми ко-эф-фи-ци-ен-та-ми
 []


Overfull \hbox (4.69156pt too wide) in paragraph at lines 526--528
\TU/TimesNewRoman(0)/m/n/12 пре-лом-ле-ния. С по-мо-щью д
ан-ной про-грам-мы лег-ко уви-деть, как луч п
ро-хо-дит че-рез раз-ные
 []


Overfull \hbox (3.68669pt too wide) in paragraph at lines 526--528
\TU/TimesNewRoman(0)/m/n/12 бо-лее плот-ной сре-ды в оп-т
и-че-ски ме-нее плот-ную. Так-же мож-но уви-д
еть, что в за-ви-си-мо-сти
 []

[10]
("C:/Users/User/AppData/Local/Programs/MiKTeX 2.9/tex/latex/listings/lstlang1.s
ty"
File: lstlang1.sty 2018/09/02 1.7 listings language file
) (./src/main.py
Overfull \hbox (35.25577pt too wide) in paragraph at lines 15--16
[][][][][][][][][][][][][][][][][][][][][][][][][][][][][][][][][][][][][][][][
][][][][][][][][][][][][][][][][][][][][][][][][][][][][][][][][][][][][][][][]
[][][][][][]  
 []

[11] [12]
Overfull \hbox (11.25565pt too wide) in paragraph at lines 107--108
[][][][][][][][][][][][][][][][][][][][][][][][][][][][][][][][][][][][][][][][
][][][][][][][][][][][][][][][][][][][][][][][][][][][][][][][][][][][][][][][]
[][][][][][][][][][][][][][][][][][][][][][][][]  
 []


Overfull \hbox (32.25565pt too wide) in paragraph at lines 109--110
[][][][][][][][][][][][][][][][][][][][][][][][][][][][][][][][][][][][][][][][
][][][][][][][][][][][][][][][][][][][][][][][][][][][][][][][][][][][][][][][]
[][][][][][][][][][][][][][][]  
 []

[13]
Overfull \hbox (123.75552pt too wide) in paragraph at lines 124--125
[][][][][][][][][][][][][][][][][][][][][][][][][][][][][][][][][][][][][][][][
][][][][][][][][][][][][][][][][][][][][][][][][][][][][][][][][][][][][][][][]
[][][][][][][][][][][][][][][][][][][][][]  
 []


Overfull \hbox (92.25552pt too wide) in paragraph at lines 125--126
[][][][][][][][][][][][][][][][][][][][][][][][][][][][][][][][][][][][][][][][
][][][][][][][][][][][][][][][][][][][][][][][][][][][]  
 []


Overfull \hbox (92.25552pt too wide) in paragraph at lines 127--128
[][][][][][][][][][][][][][][][][][][][][][][][][][][][][][][][][][][][][][][][
][][][][][][][][][][][][][][][][][][][][][][][][][][][]  
 []


Overfull \hbox (126.75565pt too wide) in paragraph at lines 147--148
[][][][][][][][][][][][][][][][][][][][][][][][][][][][][][][][][][][][][][][][
][][][][][][][][][][][][][][][][][][][][][][][][][][][][][][][][][][][][][][][]
[][][][][][][][][][][][][][][][][][][][][][][][][][][][][][][][][][][][][][][][
][][]  
 []


Overfull \hbox (108.00552pt too wide) in paragraph at lines 154--155
[][][][][][][][][][][][][][][][][][][][][][][][][][][][][][][][][][][][][][][][
][][][][][][][][][][][][][][][][][][][][][][][][][][][][][][][][][][][][][][][]
[][][][][][][][][][][][][][][][][][][][][][][][][][][][][][][][][][][][][][][][
][][][][][][][][][][][][][][][][][][][][]  
 []


Overfull \hbox (107.25528pt too wide) in paragraph at lines 155--156
[][][][][][][][][][][][][][][][][][][][][][][][][][][][][][][][][][][][][][][][
][][][][][][][][][][][][][][][][][][][][][][][][][][][][][][][][][][][][][][][]
[][][][][][][][][][][][][][][][][][][][][][][][][][][][][][][][][][][][][][][][
][][][][][][][][][][][][][][][][][]  
 []

[14]
Overfull \hbox (108.00552pt too wide) in paragraph at lines 159--160
[][][][][][][][][][][][][][][][][][][][][][][][][][][][][][][][][][][][][][][][
][][][][][][][][][][][][][][][][][][][][][][][][][][][][][][][][][][][][][][][]
[][][][][][][][][][][][][][][][][][][][][][][][][][][][][][][][][][][][][][][][
][][][][][][][][][][][][][][][][][][][][]  
 []


Overfull \hbox (107.25528pt too wide) in paragraph at lines 160--161
[][][][][][][][][][][][][][][][][][][][][][][][][][][][][][][][][][][][][][][][
][][][][][][][][][][][][][][][][][][][][][][][][][][][][][][][][][][][][][][][]
[][][][][][][][][][][][][][][][][][][][][][][][][][][][][][][][][][][][][][][][
][][][][][][][][][][][][][][][][][]  
 []


Overfull \hbox (32.25565pt too wide) in paragraph at lines 191--192
[][][][][][][][][][][][][][][][][][][][][][][][][][][][][][][][][][][][][][][][
][][][][][][][][][][][][][][][][][][][][][][][][][][][][][][][][][][][][][][][]
[][][][][][][][][][][][][][][][][][][][][][][][][][][][][][][][][][][][][][][] 
 
 []

[15]
Overfull \hbox (163.50565pt too wide) in paragraph at lines 225--227
[][][][][][][][][][][][][][][][][][][][][][][][][][][][][][][][][][][][][][][][
][][][][][][][][][][][][][][][][][][][][][][][][][][][][][][][][][][][][][][][]
[][][][][][][][][][][][][][][][][][][][][][][][][][][][][][][][][][][][][][][][
][][][][][][][][][][][][][][][][][][][][][][][][][][][][][][][][][][][][][][][]
[][][][][][][][][][][][][][][][][][][][][][][][][][]  
 []

[16]
Overfull \hbox (0.75565pt too wide) in paragraph at lines 256--257
[][][][][][][][][][][][][][][][][][][][][][][][][][][][][][][][][][][][][][][][
][][][][][][][][][][][][][][][][][][][][][][][][][][][][][][][][][][][][][][][]
[][][][][][][][][][][][][][][][][][]  
 []

) 
AED: lastpage setting LastPage
[17]
Package atveryend Info: Empty hook `BeforeClearDocument' on input line 545.
Package atveryend Info: Empty hook `AfterLastShipout' on input line 545.
 (./kursach.aux)
Package atveryend Info: Executing hook `AtVeryEndDocument' on input line 545.
Package atveryend Info: Executing hook `AtEndAfterFileList' on input line 545.
Package rerunfilecheck Info: File `kursach.out' has not changed.
(rerunfilecheck)             Checksum: E99250BB1D9DFFD4CE9227D70C14CACA;1179.


LaTeX Font Warning: Some font shapes were not available, defaults substituted.

)

Here is how much of LuaTeX's memory you used:
 28346 strings out of 494324
 305245,953878 words of node,token memory allocated
 638 words of node memory still in use:
   7 hlist, 2 vlist, 2 rule, 5 glue, 8 kern, 1 glyph, 20 attribute, 61 glue_spec
, 20 attribute_list, 2 write nodes
   avail lists: 1:5,2:10898,3:132,4:1490,5:8593,6:48,7:9780,8:46,9:15593,10:9,11
:737
 31304 multiletter control sequences out of 65536+200000
 81 fonts using 19305047 bytes
 47i,12n,91p,1504b,1077s stack positions out of 5000i,500n,10000p,200000b,50000s
<c:/users/user/appdata/local/programs/miktex 2.9/fonts/opentype/public/lm/lmmono
10-italic.otf><c:/users/user/appdata/local/programs/miktex 2.9/fonts/opentype/pu
blic/lm/lmmono10-regular.otf><C:/WINDOWS/Fonts/timesi.ttf><C:/WINDOWS/Fonts/time
s.ttf><C:/WINDOWS/Fonts/timesbd.ttf><C:/WINDOWS/Fonts/times.ttf><C:/Users/User/A
ppData/Local/Programs/MiKTeX 2.9/fonts/type1/public/amsfonts/cm/cmex10.pfb><C:/U
sers/User/AppData/Local/Programs/MiKTeX 2.9/fonts/type1/public/amsfonts/cm/cmmi1
2.pfb><C:/Users/User/AppData/Local/Programs/MiKTeX 2.9/fonts/type1/public/amsfon
ts/cm/cmmi8.pfb><C:/Users/User/AppData/Local/Programs/MiKTeX 2.9/fonts/type1/pub
lic/amsfonts/cm/cmr12.pfb><C:/Users/User/AppData/Local/Programs/MiKTeX 2.9/fonts
/type1/public/amsfonts/cm/cmr8.pfb><C:/Users/User/AppData/Local/Programs/MiKTeX 
2.9/fonts/type1/public/amsfonts/cm/cmsy10.pfb>
Output written on kursach.pdf (17 pages, 432057 bytes).

PDF statistics: 498 PDF objects out of 1000 (max. 8388607)
 318 named destinations out of 1000 (max. 131072)
 41 words of extra memory for PDF output out of 10000 (max. 100000000)

